c:\users\utente\source\repos\resolv\release\resolv.pdb
c:\users\utente\source\repos\resolv\release\resolv.idb
c:\users\utente\source\repos\resolv\resolv\release\res_mkquery.obj
c:\users\utente\source\repos\resolv\resolv\release\res_init.obj
c:\users\utente\source\repos\resolv\resolv\release\res_debug.obj
c:\users\utente\source\repos\resolv\resolv\release\res_data.obj
c:\users\utente\source\repos\resolv\resolv\release\res_comp.obj
c:\users\utente\source\repos\resolv\resolv\release\nsap_addr.obj
c:\users\utente\source\repos\resolv\resolv\release\inet_pton.obj
c:\users\utente\source\repos\resolv\resolv\release\inet_ntop.obj
c:\users\utente\source\repos\resolv\resolv\release\inet_net_pton.obj
c:\users\utente\source\repos\resolv\resolv\release\inet_net_ntop.obj
c:\users\utente\source\repos\resolv\resolv\release\inet_neta.obj
c:\users\utente\source\repos\resolv\resolv\release\inet_addr.obj
c:\users\utente\source\repos\resolv\resolv\release\hostnamelen.obj
c:\users\utente\source\repos\resolv\resolv\release\herror.obj
c:\users\utente\source\repos\resolv\resolv\release\getnetnamadr.obj
c:\users\utente\source\repos\resolv\resolv\release\getnetent.obj
c:\users\utente\source\repos\resolv\resolv\release\getnetbyname.obj
c:\users\utente\source\repos\resolv\resolv\release\getnetbyaddr.obj
c:\users\utente\source\repos\resolv\resolv\release\gethnamaddr.obj
c:\users\utente\source\repos\resolv\resolv\release\base64.obj
c:\users\utente\source\repos\resolv\resolv\release\writev.obj
c:\users\utente\source\repos\resolv\resolv\release\sethostent.obj
c:\users\utente\source\repos\resolv\resolv\release\res_send.obj
c:\users\utente\source\repos\resolv\resolv\release\res_query.obj
c:\users\utente\source\repos\resolv\resolv\release\res_nt_misc.obj
c:\users\utente\source\repos\resolv\release\resolv.lib
c:\users\utente\source\repos\resolv\resolv\release\resolv.tlog\cl.command.1.tlog
c:\users\utente\source\repos\resolv\resolv\release\resolv.tlog\cl.items.tlog
c:\users\utente\source\repos\resolv\resolv\release\resolv.tlog\cl.read.1.tlog
c:\users\utente\source\repos\resolv\resolv\release\resolv.tlog\cl.write.1.tlog
c:\users\utente\source\repos\resolv\resolv\release\resolv.tlog\lib-link.read.1.tlog
c:\users\utente\source\repos\resolv\resolv\release\resolv.tlog\lib-link.write.1.tlog
c:\users\utente\source\repos\resolv\resolv\release\resolv.tlog\lib.command.1.tlog
